2022-09-27:18:33:28,642 INFO     [psi4.driver.task_planner:266] PLANNING Atomic:  keywords={'function_kwargs': {}}
2022-09-27:18:33:28,646 INFO     [psi4.driver.driver:499] Compute energy(): method=scf, basis=cc-pvdz, molecule=default, nre=224.91052787697382
2022-09-27:18:33:29,986 INFO     [psi4.driver.driver:502] Return energy(): -230.47781609448938
2022-09-27:18:33:30,36 INFO     [psi4.driver.task_planner:266] PLANNING Atomic:  keywords={'SCF__INTS_TOLERANCE': 1e-12, 'function_kwargs': {}}
2022-09-27:18:33:30,39 INFO     [psi4.driver.driver:617] Compute gradient(): method=scf, basis=cc-pvdz, molecule=default, nre=224.91052787697382
2022-09-27:18:33:32,235 INFO     [psi4.driver.driver:620] Return gradient(): -230.47781611741758
2022-09-27:18:33:32,236 INFO     [psi4.driver.driver:621] [[ 0.0215264   0.00240605  0.00331074]
 [ 0.19139203 -0.32505084 -0.13457941]
 [-0.29970338  0.17568105  0.05295043]
 [-0.09369206  0.16140294  0.06695957]
 [-0.045674    0.31728867  0.14559469]
 [ 0.22969779 -0.33584601 -0.13582785]
 [ 0.02420258 -0.03300789 -0.01318555]
 [-0.01757981 -0.03660751 -0.01910146]
 [-0.05025477  0.00591091 -0.00226848]
 [-0.02462152  0.03500967  0.01409108]
 [ 0.01853404  0.03954471  0.02058845]
 [ 0.0461727  -0.00673177  0.00146778]]
2022-09-27:18:33:32,276 INFO     [psi4.driver.task_planner:266] PLANNING Atomic:  keywords={'CART_HESS_READ': 0, 'SCF__GUESS': 'READ', 'SCF__INTS_TOLERANCE': 1e-12, 'function_kwargs': {}}
2022-09-27:18:33:32,280 INFO     [psi4.driver.driver:617] Compute gradient(): method=scf, basis=cc-pvdz, molecule=default, nre=210.79070856955528
2022-09-27:18:33:34,310 INFO     [psi4.driver.driver:620] Return gradient(): -230.69505429385575
2022-09-27:18:33:34,311 INFO     [psi4.driver.driver:621] [[-0.00566018  0.01963105  0.00872359]
 [ 0.06701609 -0.07386687 -0.02821271]
 [-0.08710295  0.03802097  0.00921901]
 [-0.01293169  0.03251073  0.01408467]
 [-0.00855222  0.08099194  0.03747881]
 [ 0.0464282  -0.09630824 -0.04091057]
 [ 0.00968933 -0.01368583 -0.00550193]
 [-0.0086573  -0.01374335 -0.00737848]
 [-0.01720894  0.00016883 -0.00165514]
 [-0.00902907  0.01319953  0.00533834]
 [ 0.00834796  0.01361029  0.00728465]
 [ 0.01766076 -0.00052906  0.00152976]]
2022-09-27:18:33:34,347 INFO     [psi4.driver.task_planner:266] PLANNING Atomic:  keywords={'CART_HESS_READ': 0, 'SCF__GUESS': 'READ', 'SCF__INTS_TOLERANCE': 1e-12, 'function_kwargs': {}}
2022-09-27:18:33:34,350 INFO     [psi4.driver.driver:617] Compute gradient(): method=scf, basis=cc-pvdz, molecule=default, nre=206.74431126899773
2022-09-27:18:33:36,410 INFO     [psi4.driver.driver:620] Return gradient(): -230.71770047964182
2022-09-27:18:33:36,411 INFO     [psi4.driver.driver:621] [[ 0.0001381   0.00199186  0.00095759]
 [ 0.02487387 -0.0330483  -0.01313791]
 [-0.03362347  0.01944914  0.00581838]
 [-0.00453347  0.01349785  0.00593154]
 [-0.01018514  0.03691974  0.01645078]
 [ 0.02365609 -0.03935629 -0.01624597]
 [ 0.00116355 -0.00229536 -0.00096941]
 [-0.00079539 -0.00204722 -0.00104918]
 [-0.00156322  0.00064974  0.00014988]
 [-0.00151474  0.00258195  0.00106962]
 [ 0.0001114   0.0018722   0.00089766]
 [ 0.00227242 -0.00021531  0.00012703]]
2022-09-27:18:33:36,445 INFO     [psi4.driver.task_planner:266] PLANNING Atomic:  keywords={'CART_HESS_READ': 0, 'SCF__GUESS': 'READ', 'SCF__INTS_TOLERANCE': 1e-12, 'function_kwargs': {}}
2022-09-27:18:33:36,448 INFO     [psi4.driver.driver:617] Compute gradient(): method=scf, basis=cc-pvdz, molecule=default, nre=205.32677802938218
2022-09-27:18:33:38,471 INFO     [psi4.driver.driver:620] Return gradient(): -230.72109881883497
2022-09-27:18:33:38,472 INFO     [psi4.driver.driver:621] [[ 0.00055863  0.00034146  0.00021816]
 [ 0.0095296  -0.01518598 -0.00622837]
 [-0.01350002  0.01056916  0.00364264]
 [-0.00066838  0.00435763  0.00199512]
 [-0.00798813  0.01735711  0.00741134]
 [ 0.01221272 -0.01759477 -0.00709792]
 [ 0.00019356 -0.00034609 -0.00014437]
 [-0.0001964  -0.00023577 -0.00013134]
 [-0.00038157  0.00007111 -0.00000485]
 [-0.00027468  0.00037478  0.00014975]
 [ 0.00015893  0.00024598  0.00013254]
 [ 0.00035573  0.00004537  0.00005729]]
2022-09-27:18:33:38,504 INFO     [psi4.driver.task_planner:266] PLANNING Atomic:  keywords={'CART_HESS_READ': 0, 'SCF__GUESS': 'READ', 'SCF__INTS_TOLERANCE': 1e-12, 'function_kwargs': {}}
2022-09-27:18:33:38,506 INFO     [psi4.driver.driver:617] Compute gradient(): method=scf, basis=cc-pvdz, molecule=default, nre=204.48099771946139
2022-09-27:18:33:40,838 INFO     [psi4.driver.driver:620] Return gradient(): -230.72186768812998
2022-09-27:18:33:40,839 INFO     [psi4.driver.driver:621] [[ 0.00028546  0.00016923  0.00010901]
 [ 0.001802   -0.00357384 -0.00151019]
 [-0.00212875  0.00389084  0.00162724]
 [ 0.00124105 -0.00051042 -0.00011654]
 [-0.00482614  0.00509239  0.00192422]
 [ 0.00361808 -0.00503529 -0.002019  ]
 [-0.00000238  0.00008879  0.0000418 ]
 [ 0.00002256  0.00020996  0.00010167]
 [-0.00005862 -0.00012249 -0.00006389]
 [ 0.00003051 -0.00014706 -0.00006654]
 [ 0.00020021 -0.00012544 -0.00003919]
 [-0.00018397  0.00006335  0.00001142]]
2022-09-27:18:33:40,876 INFO     [psi4.driver.task_planner:266] PLANNING Atomic:  keywords={'CART_HESS_READ': 0, 'SCF__GUESS': 'READ', 'SCF__INTS_TOLERANCE': 1e-12, 'function_kwargs': {}}
2022-09-27:18:33:40,879 INFO     [psi4.driver.driver:617] Compute gradient(): method=scf, basis=cc-pvdz, molecule=default, nre=204.31155755382227
2022-09-27:18:33:43,186 INFO     [psi4.driver.driver:620] Return gradient(): -230.72191978033658
2022-09-27:18:33:43,186 INFO     [psi4.driver.driver:621] [[ 0.00014635  0.00011864  0.00007065]
 [ 0.00003012 -0.00030639 -0.00014211]
 [ 0.00027339  0.0009667   0.00048565]
 [ 0.0009608  -0.00071178 -0.00024046]
 [-0.00227941  0.0014108   0.00043785]
 [ 0.00084686 -0.00145174 -0.0006014 ]
 [-0.00000466  0.00001113  0.00000473]
 [ 0.00002537  0.00005671  0.00002946]
 [ 0.00001517 -0.00005326 -0.00002374]
 [-0.00001635 -0.00000576 -0.00000432]
 [ 0.00007547 -0.00006139 -0.0000214 ]
 [-0.00007312  0.00002635  0.00000511]]
2022-09-27:18:33:43,230 INFO     [psi4.driver.task_planner:266] PLANNING Atomic:  keywords={'CART_HESS_READ': 0, 'SCF__GUESS': 'READ', 'SCF__INTS_TOLERANCE': 1e-12, 'function_kwargs': {}}
2022-09-27:18:33:43,233 INFO     [psi4.driver.driver:617] Compute gradient(): method=scf, basis=cc-pvdz, molecule=default, nre=204.3093188150233
2022-09-27:18:33:45,602 INFO     [psi4.driver.driver:620] Return gradient(): -230.7219248081377
2022-09-27:18:33:45,603 INFO     [psi4.driver.driver:621] [[ 0.00012228  0.00008199  0.00005132]
 [-0.00027081  0.00026403  0.00009756]
 [ 0.00027368 -0.00006056 -0.00000101]
 [ 0.00048153 -0.00023659 -0.00006344]
 [-0.00088256  0.00048886  0.00014248]
 [ 0.00026676 -0.00053031 -0.00022428]
 [-0.00000259 -0.00000161 -0.00000103]
 [-0.00000497  0.0000016   0.00000025]
 [ 0.00000194 -0.00001587 -0.00000732]
 [-0.00001858  0.0000106   0.00000312]
 [ 0.00003319 -0.00002306 -0.00000756]
 [ 0.00000013  0.00002091  0.00000992]]
2022-09-27:18:33:45,642 INFO     [psi4.driver.task_planner:266] PLANNING Atomic:  keywords={'CART_HESS_READ': 0, 'SCF__GUESS': 'READ', 'SCF__INTS_TOLERANCE': 1e-12, 'function_kwargs': {}}
2022-09-27:18:33:45,644 INFO     [psi4.driver.driver:617] Compute gradient(): method=scf, basis=cc-pvdz, molecule=default, nre=204.31959167085574
2022-09-27:18:33:48,153 INFO     [psi4.driver.driver:620] Return gradient(): -230.72192566814343
2022-09-27:18:33:48,154 INFO     [psi4.driver.driver:621] [[ 0.00008785  0.00004555  0.00002912]
 [-0.00022467  0.00027172  0.00010661]
 [ 0.00009421 -0.00037051 -0.00016581]
 [ 0.00015382  0.00009948  0.00006218]
 [-0.00019131  0.00016659  0.00005927]
 [ 0.00007931 -0.00021399 -0.00009224]
 [-0.00000308 -0.00000539 -0.00000282]
 [ 0.00000187 -0.00001102 -0.00000495]
 [-0.00000163  0.00000702  0.00000312]
 [-0.0000066   0.00000496  0.00000184]
 [ 0.00000351 -0.00000032  0.00000021]
 [ 0.00000672  0.00000591  0.00000348]]
2022-09-27:18:33:48,642 INFO     [psi4.driver.task_planner:266] PLANNING Atomic:  keywords={'SCF__INTS_TOLERANCE': 1e-12, 'function_kwargs': {}}
2022-09-27:18:33:48,646 INFO     [psi4.driver.driver:499] Compute energy(): method=scf, basis=cc-pvdz, molecule=default, nre=416.91814434615196
2022-09-27:18:33:51,592 INFO     [psi4.driver.driver:502] Return energy(): -434.2111965384899
2022-09-27:18:33:51,637 INFO     [psi4.driver.task_planner:266] PLANNING Atomic:  keywords={'SCF__INTS_TOLERANCE': 1e-12, 'SCF__MAXITER': 500, 'function_kwargs': {}}
2022-09-27:18:33:51,641 INFO     [psi4.driver.driver:617] Compute gradient(): method=scf, basis=cc-pvdz, molecule=default, nre=416.91814434615196
2022-09-27:18:33:57,963 INFO     [psi4.driver.driver:620] Return gradient(): -434.2111965452491
2022-09-27:18:33:57,964 INFO     [psi4.driver.driver:621] [[-0.00008577 -0.00003109  0.00001754]
 [ 0.00009112 -0.00004244 -0.00000575]
 [ 0.00000311  0.0000733   0.00003296]
 [-0.00007755 -0.00001482 -0.00001308]
 [ 0.00006182 -0.00002812 -0.00000926]
 [-0.00001073  0.00002085  0.00001392]
 [ 0.00015159  0.00005741 -0.00013155]
 [ 0.00000268 -0.00002678  0.00005042]
 [-0.00013315 -0.00001121  0.00004416]
 [-0.00000614  0.00001152  0.00000549]
 [-0.00001986 -0.00001298 -0.00000891]
 [ 0.00000744  0.00000229  0.00000158]
 [ 0.00001182  0.00000551  0.00000308]
 [ 0.00000364 -0.00000344 -0.00000059]]
2022-09-27:18:33:58,23 INFO     [psi4.driver.task_planner:266] PLANNING Atomic:  keywords={'CART_HESS_READ': 0, 'SCF__GUESS': 'READ', 'SCF__INTS_TOLERANCE': 1e-12, 'SCF__MAXITER': 500, 'function_kwargs': {}}
2022-09-27:18:33:58,27 INFO     [psi4.driver.driver:617] Compute gradient(): method=scf, basis=cc-pvdz, molecule=default, nre=416.91270151984014
2022-09-27:18:34:03,415 INFO     [psi4.driver.driver:620] Return gradient(): -434.2111071110866
2022-09-27:18:34:03,416 INFO     [psi4.driver.driver:621] [[ 0.00009828  0.00072992 -0.00154542]
 [ 0.00006038  0.00006614 -0.00018607]
 [-0.00000313 -0.0000003   0.00009147]
 [-0.00002956 -0.00000992 -0.00002672]
 [ 0.00001934 -0.00005373  0.00006832]
 [ 0.00002369  0.00012607 -0.00016118]
 [-0.00049411 -0.00317263  0.00631732]
 [ 0.00026766  0.00121918 -0.00223598]
 [ 0.00006246  0.00110157 -0.0023127 ]
 [-0.00000459  0.00000448 -0.00001485]
 [ 0.00000219 -0.00001185  0.00001095]
 [ 0.00000406  0.00000051 -0.0000045 ]
 [-0.00000272 -0.00000775  0.00001239]
 [-0.00000394  0.00000831 -0.00001303]]
2022-09-27:18:34:03,471 INFO     [psi4.driver.task_planner:266] PLANNING Atomic:  keywords={'CART_HESS_READ': 0, 'SCF__GUESS': 'READ', 'SCF__INTS_TOLERANCE': 1e-12, 'SCF__MAXITER': 500, 'function_kwargs': {}}
2022-09-27:18:34:03,474 INFO     [psi4.driver.driver:617] Compute gradient(): method=scf, basis=cc-pvdz, molecule=default, nre=416.9076594360867
2022-09-27:18:34:08,789 INFO     [psi4.driver.driver:620] Return gradient(): -434.2111965526683
2022-09-27:18:34:08,790 INFO     [psi4.driver.driver:621] [[-0.00003048 -0.00003733 -0.00002193]
 [ 0.00003959 -0.00001981 -0.00000604]
 [ 0.00000239  0.00003263  0.00001618]
 [-0.00002962 -0.00001715 -0.00001324]
 [ 0.00002858 -0.0000178  -0.00000486]
 [ 0.00000708  0.00004081  0.00001935]
 [ 0.00017768 -0.00020668 -0.00007082]
 [ 0.0000638   0.00020579  0.00010054]
 [-0.00025502  0.00003021 -0.00001472]
 [-0.00000545 -0.00000306 -0.00000218]
 [ 0.00000369 -0.0000054  -0.00000178]
 [ 0.0000035  -0.0000017   0.00000019]
 [-0.0000017  -0.00000158 -0.00000058]
 [-0.00000405  0.00000107 -0.00000011]]
2022-09-27:18:34:32,17 INFO     [psi4.driver.task_planner:266] PLANNING Atomic:  keywords={'SCF__INTS_TOLERANCE': 1e-12, 'SCF__MAXITER': 500, 'function_kwargs': {}}
2022-09-27:18:34:32,21 INFO     [psi4.driver.driver:499] Compute energy(): method=scf, basis=cc-pvdz, molecule=default, nre=416.91814434615196
2022-09-27:18:34:34,359 INFO     [psi4.driver.driver:502] Return energy(): -434.2111965384899
2022-09-27:18:34:34,387 INFO     [psi4.driver.task_planner:266] PLANNING Atomic:  keywords={'SCF__INTS_TOLERANCE': 1e-12, 'SCF__MAXITER': 500, 'function_kwargs': {}}
2022-09-27:18:34:34,390 INFO     [psi4.driver.driver:617] Compute gradient(): method=scf, basis=cc-pvdz, molecule=default, nre=416.91814434615196
2022-09-27:18:34:38,983 INFO     [psi4.driver.driver:620] Return gradient(): -434.21119654524887
2022-09-27:18:34:38,984 INFO     [psi4.driver.driver:621] [[-0.00008577 -0.00003109  0.00001754]
 [ 0.00009112 -0.00004244 -0.00000575]
 [ 0.00000311  0.0000733   0.00003296]
 [-0.00007755 -0.00001482 -0.00001308]
 [ 0.00006182 -0.00002812 -0.00000926]
 [-0.00001073  0.00002085  0.00001392]
 [ 0.00015159  0.00005741 -0.00013155]
 [ 0.00000268 -0.00002678  0.00005042]
 [-0.00013315 -0.00001122  0.00004416]
 [-0.00000614  0.00001153  0.00000549]
 [-0.00001985 -0.00001298 -0.0000089 ]
 [ 0.00000744  0.00000229  0.00000157]
 [ 0.00001181  0.0000055   0.00000308]
 [ 0.00000364 -0.00000344 -0.00000059]]
2022-09-27:18:34:39,27 INFO     [psi4.driver.task_planner:266] PLANNING Atomic:  keywords={'CART_HESS_READ': 0, 'SCF__GUESS': 'READ', 'SCF__INTS_TOLERANCE': 1e-12, 'SCF__MAXITER': 500, 'function_kwargs': {}}
2022-09-27:18:34:39,30 INFO     [psi4.driver.driver:617] Compute gradient(): method=scf, basis=cc-pvdz, molecule=default, nre=416.91270228379915
2022-09-27:18:34:43,628 INFO     [psi4.driver.driver:620] Return gradient(): -434.2111071111936
2022-09-27:18:34:43,629 INFO     [psi4.driver.driver:621] [[ 0.00009828  0.00072992 -0.00154542]
 [ 0.00006038  0.00006614 -0.00018607]
 [-0.00000313 -0.00000031  0.00009146]
 [-0.00002956 -0.00000992 -0.00002672]
 [ 0.00001935 -0.00005373  0.00006832]
 [ 0.00002368  0.00012607 -0.00016118]
 [-0.00049411 -0.00317263  0.00631732]
 [ 0.00026765  0.00121917 -0.00223599]
 [ 0.00006246  0.00110157 -0.0023127 ]
 [-0.0000046   0.00000447 -0.00001485]
 [ 0.00000218 -0.00001185  0.00001095]
 [ 0.00000406  0.00000051 -0.00000449]
 [-0.00000272 -0.00000774  0.00001239]
 [-0.00000393  0.00000831 -0.00001303]]
2022-09-27:18:34:43,675 INFO     [psi4.driver.task_planner:266] PLANNING Atomic:  keywords={'CART_HESS_READ': 0, 'SCF__GUESS': 'READ', 'SCF__INTS_TOLERANCE': 1e-12, 'SCF__MAXITER': 500, 'function_kwargs': {}}
2022-09-27:18:34:43,679 INFO     [psi4.driver.driver:617] Compute gradient(): method=scf, basis=cc-pvdz, molecule=default, nre=416.90766016771664
2022-09-27:18:34:48,927 INFO     [psi4.driver.driver:620] Return gradient(): -434.2111965529252
2022-09-27:18:34:48,928 INFO     [psi4.driver.driver:621] [[-0.00003048 -0.00003733 -0.00002193]
 [ 0.00003959 -0.00001981 -0.00000604]
 [ 0.0000024   0.00003263  0.00001618]
 [-0.00002961 -0.00001715 -0.00001324]
 [ 0.00002857 -0.00001781 -0.00000486]
 [ 0.00000708  0.00004082  0.00001936]
 [ 0.00017768 -0.00020668 -0.00007082]
 [ 0.00006381  0.00020579  0.00010054]
 [-0.00025503  0.00003021 -0.00001472]
 [-0.00000544 -0.00000306 -0.00000217]
 [ 0.0000037  -0.0000054  -0.00000178]
 [ 0.00000351 -0.00000171  0.00000019]
 [-0.00000171 -0.00000159 -0.00000059]
 [-0.00000407  0.00000107 -0.00000011]]
