2022-09-27:18:34:32,17 INFO     [psi4.driver.task_planner:266] PLANNING Atomic:  keywords={'SCF__INTS_TOLERANCE': 1e-12, 'SCF__MAXITER': 500, 'function_kwargs': {}}
2022-09-27:18:34:32,21 INFO     [psi4.driver.driver:499] Compute energy(): method=scf, basis=cc-pvdz, molecule=default, nre=416.91814434615196
2022-09-27:18:34:34,359 INFO     [psi4.driver.driver:502] Return energy(): -434.2111965384899
2022-09-27:18:34:34,387 INFO     [psi4.driver.task_planner:266] PLANNING Atomic:  keywords={'SCF__INTS_TOLERANCE': 1e-12, 'SCF__MAXITER': 500, 'function_kwargs': {}}
2022-09-27:18:34:34,390 INFO     [psi4.driver.driver:617] Compute gradient(): method=scf, basis=cc-pvdz, molecule=default, nre=416.91814434615196
2022-09-27:18:34:38,983 INFO     [psi4.driver.driver:620] Return gradient(): -434.21119654524887
2022-09-27:18:34:38,984 INFO     [psi4.driver.driver:621] [[-0.00008577 -0.00003109  0.00001754]
 [ 0.00009112 -0.00004244 -0.00000575]
 [ 0.00000311  0.0000733   0.00003296]
 [-0.00007755 -0.00001482 -0.00001308]
 [ 0.00006182 -0.00002812 -0.00000926]
 [-0.00001073  0.00002085  0.00001392]
 [ 0.00015159  0.00005741 -0.00013155]
 [ 0.00000268 -0.00002678  0.00005042]
 [-0.00013315 -0.00001122  0.00004416]
 [-0.00000614  0.00001153  0.00000549]
 [-0.00001985 -0.00001298 -0.0000089 ]
 [ 0.00000744  0.00000229  0.00000157]
 [ 0.00001181  0.0000055   0.00000308]
 [ 0.00000364 -0.00000344 -0.00000059]]
2022-09-27:18:34:39,27 INFO     [psi4.driver.task_planner:266] PLANNING Atomic:  keywords={'CART_HESS_READ': 0, 'SCF__GUESS': 'READ', 'SCF__INTS_TOLERANCE': 1e-12, 'SCF__MAXITER': 500, 'function_kwargs': {}}
2022-09-27:18:34:39,30 INFO     [psi4.driver.driver:617] Compute gradient(): method=scf, basis=cc-pvdz, molecule=default, nre=416.91270228379915
2022-09-27:18:34:43,628 INFO     [psi4.driver.driver:620] Return gradient(): -434.2111071111936
2022-09-27:18:34:43,629 INFO     [psi4.driver.driver:621] [[ 0.00009828  0.00072992 -0.00154542]
 [ 0.00006038  0.00006614 -0.00018607]
 [-0.00000313 -0.00000031  0.00009146]
 [-0.00002956 -0.00000992 -0.00002672]
 [ 0.00001935 -0.00005373  0.00006832]
 [ 0.00002368  0.00012607 -0.00016118]
 [-0.00049411 -0.00317263  0.00631732]
 [ 0.00026765  0.00121917 -0.00223599]
 [ 0.00006246  0.00110157 -0.0023127 ]
 [-0.0000046   0.00000447 -0.00001485]
 [ 0.00000218 -0.00001185  0.00001095]
 [ 0.00000406  0.00000051 -0.00000449]
 [-0.00000272 -0.00000774  0.00001239]
 [-0.00000393  0.00000831 -0.00001303]]
2022-09-27:18:34:43,675 INFO     [psi4.driver.task_planner:266] PLANNING Atomic:  keywords={'CART_HESS_READ': 0, 'SCF__GUESS': 'READ', 'SCF__INTS_TOLERANCE': 1e-12, 'SCF__MAXITER': 500, 'function_kwargs': {}}
2022-09-27:18:34:43,679 INFO     [psi4.driver.driver:617] Compute gradient(): method=scf, basis=cc-pvdz, molecule=default, nre=416.90766016771664
2022-09-27:18:34:48,927 INFO     [psi4.driver.driver:620] Return gradient(): -434.2111965529252
2022-09-27:18:34:48,928 INFO     [psi4.driver.driver:621] [[-0.00003048 -0.00003733 -0.00002193]
 [ 0.00003959 -0.00001981 -0.00000604]
 [ 0.0000024   0.00003263  0.00001618]
 [-0.00002961 -0.00001715 -0.00001324]
 [ 0.00002857 -0.00001781 -0.00000486]
 [ 0.00000708  0.00004082  0.00001936]
 [ 0.00017768 -0.00020668 -0.00007082]
 [ 0.00006381  0.00020579  0.00010054]
 [-0.00025503  0.00003021 -0.00001472]
 [-0.00000544 -0.00000306 -0.00000217]
 [ 0.0000037  -0.0000054  -0.00000178]
 [ 0.00000351 -0.00000171  0.00000019]
 [-0.00000171 -0.00000159 -0.00000059]
 [-0.00000407  0.00000107 -0.00000011]]
7 INFO     [psi4.driver.task_planner:266] PLANNING Atomic:  keywords={'SCF__INTS_TOLERANCE': 1e-12, 'SCF__MAXITER': 500, 'function_kwargs': {}}
2022-09-27:18:34:32,21 INFO     [psi4.driver.driver:499] Compute energy(): method=scf, basis=cc-pvdz, molecule=default, nre=416.91814434615196
2022-09-27:18:34:34,359 INFO     [psi4.driver.driver:502] Return energy(): -434.2111965384899
2022-09-27:18:34:34,387 INFO     [psi4.driver.task_planner:266] PLANNING Atomic:  keywords={'SCF__INTS_TOLERANCE': 1e-12, 'SCF__MAXITER': 500, 'function_kwargs': {}}
2022-09-27:18:34:34,390 INFO     [psi4.driver.driver:617] Compute gradient(): method=scf, basis=cc-pvdz, molecule=default, nre=416.91814434615196
2022-09-27:18:34:38,983 INFO     [psi4.driver.driver:620] Return gradient(): -434.21119654524887
2022-09-27:18:34:38,984 INFO     [psi4.driver.driver:621] [[-0.00008577 -0.00003109  0.00001754]
 [ 0.00009112 -0.00004244 -0.00000575]
 [ 0.00000311  0.0000733   0.00003296]
 [-0.00007755 -0.00001482 -0.00001308]
 [ 0.00006182 -0.00002812 -0.00000926]
 [-0.00001073  0.00002085  0.00001392]
 [ 0.00015159  0.00005741 -0.00013155]
 [ 0.00000268 -0.00002678  0.00005042]
 [-0.00013315 -0.00001122  0.00004416]
 [-0.00000614  0.00001153  0.00000549]
 [-0.00001985 -0.00001298 -0.0000089 ]
 [ 0.00000744  0.00000229  0.00000157]
 [ 0.00001181  0.0000055   0.00000308]
 [ 0.00000364 -0.00000344 -0.00000059]]
2022-09-27:18:34:39,27 INFO     [psi4.driver.task_planner:266] PLANNING Atomic:  keywords={'CART_HESS_READ': 0, 'SCF__GUESS': 'READ', 'SCF__INTS_TOLERANCE': 1e-12, 'SCF__MAXITER': 500, 'function_kwargs': {}}
2022-09-27:18:34:39,30 INFO     [psi4.driver.driver:617] Compute gradient(): method=scf, basis=cc-pvdz, molecule=default, nre=416.91270228379915
2022-09-27:18:34:43,628 INFO     [psi4.driver.driver:620] Return gradient(): -434.2111071111936
2022-09-27:18:34:43,629 INFO     [psi4.driver.driver:621] [[ 0.00009828  0.00072992 -0.00154542]
 [ 0.00006038  0.00006614 -0.00018607]
 [-0.00000313 -0.00000031  0.00009146]
 [-0.00002956 -0.00000992 -0.00002672]
 [ 0.00001935 -0.00005373  0.00006832]
 [ 0.00002368  0.00012607 -0.00016118]
 [-0.00049411 -0.00317263  0.00631732]
 [ 0.00026765  0.00121917 -0.00223599]
 [ 0.00006246  0.00110157 -0.0023127 ]
 [-0.0000046   0.00000447 -0.00001485]
 [ 0.00000218 -0.00001185  0.00001095]
 [ 0.00000406  0.00000051 -0.00000449]
 [-0.00000272 -0.00000774  0.00001239]
 [-0.00000393  0.00000831 -0.00001303]]
2022-09-27:18:34:43,675 INFO     [psi4.driver.task_planner:266] PLANNING Atomic:  keywords={'CART_HESS_READ': 0, 'SCF__GUESS': 'READ', 'SCF__INTS_TOLERANCE': 1e-12, 'SCF__MAXITER': 500, 'function_kwargs': {}}
2022-09-27:18:34:43,679 INFO     [psi4.driver.driver:617] Compute gradient(): method=scf, basis=cc-pvdz, molecule=default, nre=416.90766016771664
2022-09-27:18:34:48,927 INFO     [psi4.driver.driver:620] Return gradient(): -434.2111965529252
2022-09-27:18:34:48,928 INFO     [psi4.driver.driver:621] [[-0.00003048 -0.00003733 -0.00002193]
 [ 0.00003959 -0.00001981 -0.00000604]
 [ 0.0000024   0.00003263  0.00001618]
 [-0.00002961 -0.00001715 -0.00001324]
 [ 0.00002857 -0.00001781 -0.00000486]
 [ 0.00000708  0.00004082  0.00001936]
 [ 0.00017768 -0.00020668 -0.00007082]
 [ 0.00006381  0.00020579  0.00010054]
 [-0.00025503  0.00003021 -0.00001472]
 [-0.00000544 -0.00000306 -0.00000217]
 [ 0.0000037  -0.0000054  -0.00000178]
 [ 0.00000351 -0.00000171  0.00000019]
 [-0.00000171 -0.00000159 -0.00000059]
 [-0.00000407  0.00000107 -0.00000011]]
